2022-06-23 02:18:15,386:INFO:PyCaret Supervised Module
2022-06-23 02:18:15,387:INFO:ML Usecase: regression
2022-06-23 02:18:15,387:INFO:version 2.3.10
2022-06-23 02:18:15,387:INFO:Initializing setup()
2022-06-23 02:18:15,387:INFO:setup(target=price, ml_usecase=regression, available_plots={'parameter': 'Hyperparameters', 'residuals': 'Residuals', 'error': 'Prediction Error', 'cooks': 'Cooks Distance', 'rfe': 'Feature Selection', 'learning': 'Learning Curve', 'manifold': 'Manifold Learning', 'vc': 'Validation Curve', 'feature': 'Feature Importance', 'feature_all': 'Feature Importance (All)', 'tree': 'Decision Tree', 'residuals_interactive': 'Interactive Residuals'}, train_size=0.7, test_data=None, preprocess=True, imputation_type=simple, iterative_imputation_iters=5, categorical_features=None, categorical_imputation=constant, categorical_iterative_imputer=lightgbm, ordinal_features=None, high_cardinality_features=None, high_cardinality_method=frequency, numeric_features=None, numeric_imputation=mean, numeric_iterative_imputer=lightgbm, date_features=None, ignore_features=None, normalize=False, normalize_method=zscore, transformation=False, transformation_method=yeo-johnson, handle_unknown_categorical=True, unknown_categorical_method=least_frequent, pca=False, pca_method=linear, pca_components=0.99, ignore_low_variance=False, combine_rare_levels=False, rare_level_threshold=0.1, bin_numeric_features=None, remove_outliers=True, outliers_threshold=0.05, remove_multicollinearity=True, multicollinearity_threshold=0.9, remove_perfect_collinearity=True, create_clusters=False, cluster_iter=20, polynomial_features=False, polynomial_degree=2, trigonometry_features=False, polynomial_threshold=0.1, group_features=None, group_names=None, feature_selection=True, feature_selection_threshold=0.8, feature_selection_method=classic, feature_interaction=False, feature_ratio=False, interaction_threshold=0.01, fix_imbalance=False, fix_imbalance_method=None, transform_target=False, transform_target_method=box-cox, data_split_shuffle=True, data_split_stratify=False, fold_strategy=kfold, fold=10, fold_shuffle=False, fold_groups=None, n_jobs=-1, use_gpu=False, custom_pipeline=None, html=True, session_id=None, log_experiment=False, experiment_name=None, experiment_custom_tags=None, log_plots=False, log_profile=False, log_data=False, silent=False, verbose=True, profile=False, profile_kwargs=None, display=None)
2022-06-23 02:18:15,388:INFO:Checking environment
2022-06-23 02:18:15,388:INFO:python_version: 3.7.7
2022-06-23 02:18:15,388:INFO:python_build: ('tags/v3.7.7:d7c567b08f', 'Mar 10 2020 10:41:24')
2022-06-23 02:18:15,388:INFO:machine: AMD64
2022-06-23 02:18:15,388:INFO:platform: Windows-10-10.0.19041-SP0
2022-06-23 02:18:15,390:INFO:Memory: svmem(total=8471760896, available=1374547968, percent=83.8, used=7097212928, free=1374547968)
2022-06-23 02:18:15,390:INFO:Physical Core: 4
2022-06-23 02:18:15,390:INFO:Logical Core: 8
2022-06-23 02:18:15,390:INFO:Checking libraries
2022-06-23 02:18:15,390:INFO:pd==1.3.5
2022-06-23 02:18:15,390:INFO:numpy==1.21.6
2022-06-23 02:18:15,390:INFO:sklearn==1.0.2
2022-06-23 02:22:18,282:INFO:PyCaret Supervised Module
2022-06-23 02:22:18,283:INFO:ML Usecase: regression
2022-06-23 02:22:18,283:INFO:version 2.3.10
2022-06-23 02:22:18,283:INFO:Initializing setup()
2022-06-23 02:22:18,283:INFO:setup(target=price, ml_usecase=regression, available_plots={'parameter': 'Hyperparameters', 'residuals': 'Residuals', 'error': 'Prediction Error', 'cooks': 'Cooks Distance', 'rfe': 'Feature Selection', 'learning': 'Learning Curve', 'manifold': 'Manifold Learning', 'vc': 'Validation Curve', 'feature': 'Feature Importance', 'feature_all': 'Feature Importance (All)', 'tree': 'Decision Tree', 'residuals_interactive': 'Interactive Residuals'}, train_size=0.7, test_data=None, preprocess=True, imputation_type=simple, iterative_imputation_iters=5, categorical_features=None, categorical_imputation=constant, categorical_iterative_imputer=lightgbm, ordinal_features=None, high_cardinality_features=None, high_cardinality_method=frequency, numeric_features=None, numeric_imputation=mean, numeric_iterative_imputer=lightgbm, date_features=None, ignore_features=None, normalize=False, normalize_method=zscore, transformation=False, transformation_method=yeo-johnson, handle_unknown_categorical=True, unknown_categorical_method=least_frequent, pca=False, pca_method=linear, pca_components=0.99, ignore_low_variance=False, combine_rare_levels=False, rare_level_threshold=0.1, bin_numeric_features=None, remove_outliers=True, outliers_threshold=0.05, remove_multicollinearity=True, multicollinearity_threshold=0.9, remove_perfect_collinearity=True, create_clusters=False, cluster_iter=20, polynomial_features=False, polynomial_degree=2, trigonometry_features=False, polynomial_threshold=0.1, group_features=None, group_names=None, feature_selection=True, feature_selection_threshold=0.8, feature_selection_method=classic, feature_interaction=False, feature_ratio=False, interaction_threshold=0.01, fix_imbalance=False, fix_imbalance_method=None, transform_target=False, transform_target_method=box-cox, data_split_shuffle=True, data_split_stratify=False, fold_strategy=kfold, fold=10, fold_shuffle=False, fold_groups=None, n_jobs=-1, use_gpu=False, custom_pipeline=None, html=True, session_id=None, log_experiment=False, experiment_name=None, experiment_custom_tags=None, log_plots=False, log_profile=False, log_data=False, silent=False, verbose=True, profile=False, profile_kwargs=None, display=None)
2022-06-23 02:22:18,284:INFO:Checking environment
2022-06-23 02:22:18,284:INFO:python_version: 3.7.7
2022-06-23 02:22:18,284:INFO:python_build: ('tags/v3.7.7:d7c567b08f', 'Mar 10 2020 10:41:24')
2022-06-23 02:22:18,284:INFO:machine: AMD64
2022-06-23 02:22:18,284:INFO:platform: Windows-10-10.0.19041-SP0
2022-06-23 02:22:18,284:INFO:Memory: svmem(total=8471760896, available=1327427584, percent=84.3, used=7144333312, free=1327427584)
2022-06-23 02:22:18,285:INFO:Physical Core: 4
2022-06-23 02:22:18,285:INFO:Logical Core: 8
2022-06-23 02:22:18,285:INFO:Checking libraries
2022-06-23 02:22:18,285:INFO:pd==1.3.5
2022-06-23 02:22:18,288:INFO:numpy==1.21.6
2022-06-23 02:22:18,288:INFO:sklearn==1.0.2
2022-06-23 02:22:48,521:INFO:PyCaret Supervised Module
2022-06-23 02:22:48,522:INFO:ML Usecase: regression
2022-06-23 02:22:48,523:INFO:version 2.3.10
2022-06-23 02:22:48,523:INFO:Initializing setup()
2022-06-23 02:22:48,523:INFO:setup(target=price, ml_usecase=regression, available_plots={'parameter': 'Hyperparameters', 'residuals': 'Residuals', 'error': 'Prediction Error', 'cooks': 'Cooks Distance', 'rfe': 'Feature Selection', 'learning': 'Learning Curve', 'manifold': 'Manifold Learning', 'vc': 'Validation Curve', 'feature': 'Feature Importance', 'feature_all': 'Feature Importance (All)', 'tree': 'Decision Tree', 'residuals_interactive': 'Interactive Residuals'}, train_size=0.7, test_data=None, preprocess=True, imputation_type=simple, iterative_imputation_iters=5, categorical_features=None, categorical_imputation=constant, categorical_iterative_imputer=lightgbm, ordinal_features=None, high_cardinality_features=None, high_cardinality_method=frequency, numeric_features=None, numeric_imputation=mean, numeric_iterative_imputer=lightgbm, date_features=None, ignore_features=None, normalize=False, normalize_method=zscore, transformation=False, transformation_method=yeo-johnson, handle_unknown_categorical=True, unknown_categorical_method=least_frequent, pca=False, pca_method=linear, pca_components=0.99, ignore_low_variance=False, combine_rare_levels=False, rare_level_threshold=0.1, bin_numeric_features=None, remove_outliers=True, outliers_threshold=0.05, remove_multicollinearity=True, multicollinearity_threshold=0.9, remove_perfect_collinearity=True, create_clusters=False, cluster_iter=20, polynomial_features=False, polynomial_degree=2, trigonometry_features=False, polynomial_threshold=0.1, group_features=None, group_names=None, feature_selection=True, feature_selection_threshold=0.8, feature_selection_method=classic, feature_interaction=False, feature_ratio=False, interaction_threshold=0.01, fix_imbalance=False, fix_imbalance_method=None, transform_target=False, transform_target_method=box-cox, data_split_shuffle=True, data_split_stratify=False, fold_strategy=kfold, fold=10, fold_shuffle=False, fold_groups=None, n_jobs=-1, use_gpu=False, custom_pipeline=None, html=True, session_id=None, log_experiment=False, experiment_name=None, experiment_custom_tags=None, log_plots=False, log_profile=False, log_data=False, silent=False, verbose=True, profile=False, profile_kwargs=None, display=None)
2022-06-23 02:22:48,523:INFO:Checking environment
2022-06-23 02:22:48,523:INFO:python_version: 3.7.7
2022-06-23 02:22:48,524:INFO:python_build: ('tags/v3.7.7:d7c567b08f', 'Mar 10 2020 10:41:24')
2022-06-23 02:22:48,524:INFO:machine: AMD64
2022-06-23 02:22:48,524:INFO:platform: Windows-10-10.0.19041-SP0
2022-06-23 02:22:48,524:INFO:Memory: svmem(total=8471760896, available=1302179840, percent=84.6, used=7169581056, free=1302179840)
2022-06-23 02:22:48,524:INFO:Physical Core: 4
2022-06-23 02:22:48,524:INFO:Logical Core: 8
2022-06-23 02:22:48,524:INFO:Checking libraries
2022-06-23 02:22:48,524:INFO:pd==1.3.5
2022-06-23 02:22:48,524:INFO:numpy==1.21.6
2022-06-23 02:22:48,524:INFO:sklearn==1.0.2
2022-06-23 02:25:57,049:INFO:PyCaret Supervised Module
2022-06-23 02:25:57,050:INFO:ML Usecase: regression
2022-06-23 02:25:57,050:INFO:version 2.3.10
2022-06-23 02:25:57,050:INFO:Initializing setup()
2022-06-23 02:25:57,051:INFO:setup(target=price, ml_usecase=regression, available_plots={'parameter': 'Hyperparameters', 'residuals': 'Residuals', 'error': 'Prediction Error', 'cooks': 'Cooks Distance', 'rfe': 'Feature Selection', 'learning': 'Learning Curve', 'manifold': 'Manifold Learning', 'vc': 'Validation Curve', 'feature': 'Feature Importance', 'feature_all': 'Feature Importance (All)', 'tree': 'Decision Tree', 'residuals_interactive': 'Interactive Residuals'}, train_size=0.7, test_data=None, preprocess=True, imputation_type=simple, iterative_imputation_iters=5, categorical_features=None, categorical_imputation=constant, categorical_iterative_imputer=lightgbm, ordinal_features=None, high_cardinality_features=None, high_cardinality_method=frequency, numeric_features=None, numeric_imputation=mean, numeric_iterative_imputer=lightgbm, date_features=None, ignore_features=None, normalize=False, normalize_method=zscore, transformation=False, transformation_method=yeo-johnson, handle_unknown_categorical=True, unknown_categorical_method=least_frequent, pca=False, pca_method=linear, pca_components=0.99, ignore_low_variance=False, combine_rare_levels=False, rare_level_threshold=0.1, bin_numeric_features=None, remove_outliers=True, outliers_threshold=0.05, remove_multicollinearity=True, multicollinearity_threshold=0.9, remove_perfect_collinearity=True, create_clusters=False, cluster_iter=20, polynomial_features=False, polynomial_degree=2, trigonometry_features=False, polynomial_threshold=0.1, group_features=None, group_names=None, feature_selection=True, feature_selection_threshold=0.8, feature_selection_method=classic, feature_interaction=False, feature_ratio=False, interaction_threshold=0.01, fix_imbalance=False, fix_imbalance_method=None, transform_target=False, transform_target_method=box-cox, data_split_shuffle=True, data_split_stratify=False, fold_strategy=kfold, fold=10, fold_shuffle=False, fold_groups=None, n_jobs=-1, use_gpu=False, custom_pipeline=None, html=True, session_id=None, log_experiment=False, experiment_name=None, experiment_custom_tags=None, log_plots=False, log_profile=False, log_data=False, silent=False, verbose=True, profile=False, profile_kwargs=None, display=None)
2022-06-23 02:25:57,051:INFO:Checking environment
2022-06-23 02:25:57,051:INFO:python_version: 3.7.7
2022-06-23 02:25:57,051:INFO:python_build: ('tags/v3.7.7:d7c567b08f', 'Mar 10 2020 10:41:24')
2022-06-23 02:25:57,051:INFO:machine: AMD64
2022-06-23 02:25:57,051:INFO:platform: Windows-10-10.0.19041-SP0
2022-06-23 02:25:57,051:INFO:Memory: svmem(total=8471760896, available=1189646336, percent=86.0, used=7282114560, free=1189646336)
2022-06-23 02:25:57,051:INFO:Physical Core: 4
2022-06-23 02:25:57,051:INFO:Logical Core: 8
2022-06-23 02:25:57,051:INFO:Checking libraries
2022-06-23 02:25:57,051:INFO:pd==1.3.5
2022-06-23 02:25:57,051:INFO:numpy==1.19.5
2022-06-23 02:25:57,051:INFO:sklearn==0.23.2
2022-06-23 02:25:57,051:INFO:lightgbm==3.3.2
2022-06-23 02:25:57,056:WARNING:catboost not found
2022-06-23 02:25:57,059:WARNING:xgboost not found
2022-06-23 02:25:57,059:INFO:mlflow==1.26.1
2022-06-23 02:25:57,059:INFO:Checking Exceptions
2022-06-23 02:25:57,059:INFO:Declaring global variables
2022-06-23 02:25:57,060:INFO:USI: 1bd1
2022-06-23 02:25:57,060:INFO:pycaret_globals: {'_gpu_n_jobs_param', 'USI', 'y', 'fold_param', '_internal_pipeline', 'prep_pipe', 'dashboard_logger', 'y_test', 'X_test', 'experiment__', 'n_jobs_param', 'pycaret_globals', 'fold_groups_param', 'fold_generator', 'fold_groups_param_full', 'create_model_container', '_all_metrics', 'y_train', 'data_before_preprocess', '_available_plots', 'imputation_regressor', 'imputation_classifier', 'html_param', 'fix_imbalance_param', 'master_model_container', 'display_container', 'iterative_imputation_iters_param', 'transform_target_method_param', 'X', '_all_models', 'exp_name_log', 'fix_imbalance_method_param', 'stratify_param', 'X_train', '_all_models_internal', 'transform_target_param', 'fold_shuffle_param', 'target_param', 'gpu_param', 'seed', 'log_plots_param', '_ml_usecase', 'logging_param'}
2022-06-23 02:25:57,060:INFO:Preparing display monitor
2022-06-23 02:25:57,060:INFO:Preparing display monitor
2022-06-23 02:25:57,085:INFO:Importing libraries
2022-06-23 02:25:57,085:INFO:Copying data for preprocessing
2022-06-23 02:25:57,099:INFO:Declaring preprocessing parameters
2022-06-23 02:25:57,102:INFO:Creating preprocessing pipeline
2022-06-23 02:25:57,140:INFO:Preprocessing pipeline created successfully
2022-06-23 02:25:57,140:ERROR:(Process Exit): setup has been interupted with user command 'quit'. setup must rerun.
2022-06-23 02:25:57,140:INFO:Creating global containers
2022-06-23 02:25:57,164:INFO:Internal pipeline: Pipeline(memory=None, steps=[('empty_step', 'passthrough')], verbose=False)
2022-06-23 02:26:21,942:WARNING:Couldn't import xgboost.XGBRegressor
2022-06-23 02:26:21,949:WARNING:Couldn't import catboost.CatBoostRegressor
2022-06-23 02:26:22,085:WARNING:Couldn't import xgboost.XGBRegressor
2022-06-23 02:26:22,085:WARNING:Couldn't import catboost.CatBoostRegressor
2022-06-23 02:26:22,085:INFO:Creating grid variables
2022-06-23 02:26:22,093:INFO:create_model_container: 0
2022-06-23 02:26:22,093:INFO:master_model_container: 0
2022-06-23 02:26:22,093:INFO:display_container: 1
2022-06-23 02:26:22,106:INFO:Pipeline(memory=None,
         steps=[('dtypes',
                 DataTypes_Auto_infer(categorical_features=[],
                                      display_types=True, features_todrop=[],
                                      id_columns=[], ml_usecase='regression',
                                      numerical_features=[], target='price',
                                      time_features=[])),
                ('imputer',
                 Simple_Imputer(categorical_strategy='not_available',
                                fill_value_categorical=None,
                                fill_value_numerical=None,
                                numeric_strategy='...
                 Advanced_Feature_Selection_Classic(ml_usecase='regression',
                                                    n_jobs=-1,
                                                    random_state=1871,
                                                    subclass='binary',
                                                    target='price',
                                                    top_features_to_pick=0.19999999999999996)),
                ('fix_multi',
                 Fix_multicollinearity(correlation_with_target_preference=None,
                                       correlation_with_target_threshold=0.0,
                                       target_variable='price',
                                       threshold=0.9)),
                ('dfs', 'passthrough'), ('pca', 'passthrough')],
         verbose=False)
2022-06-23 02:26:22,106:INFO:setup() succesfully completed......................................
2022-06-23 02:26:22,393:INFO:Initializing compare_models()
2022-06-23 02:26:22,393:INFO:compare_models(include=None, fold=None, round=4, cross_validation=True, sort=R2, n_select=1, budget_time=None, turbo=True, errors=ignore, fit_kwargs=None, groups=None, experiment_custom_tags=None, probability_threshold=None, verbose=True, display=None, exclude=None)
2022-06-23 02:26:22,393:INFO:Checking exceptions
2022-06-23 02:26:22,393:INFO:Preparing display monitor
2022-06-23 02:26:22,394:INFO:Preparing display monitor
2022-06-23 02:26:22,428:INFO:Initializing Linear Regression
2022-06-23 02:26:22,428:INFO:Total runtime is 0.0 minutes
2022-06-23 02:26:22,440:INFO:SubProcess create_model() called ==================================
2022-06-23 02:26:22,441:INFO:Initializing create_model()
2022-06-23 02:26:22,441:INFO:create_model(estimator=lr, fold=KFold(n_splits=10, random_state=None, shuffle=False), round=4, cross_validation=True, predict=True, fit_kwargs={}, groups=None, refit=False, verbose=False, system=False, metrics=None, experiment_custom_tags=None, add_to_model_list=True, probability_threshold=None, display=<pycaret.internal.Display.Display object at 0x00000254B7EE4288>, return_train_score=False, kwargs={})
2022-06-23 02:26:22,441:INFO:Checking exceptions
2022-06-23 02:26:22,441:INFO:Importing libraries
2022-06-23 02:26:22,441:INFO:Copying training dataset
2022-06-23 02:26:22,442:INFO:Defining folds
2022-06-23 02:26:22,442:INFO:Declaring metric variables
2022-06-23 02:26:22,453:INFO:Importing untrained model
2022-06-23 02:26:22,466:INFO:Linear Regression Imported succesfully
2022-06-23 02:26:22,493:INFO:Starting cross validation
2022-06-23 02:26:22,506:INFO:Cross validating with KFold(n_splits=10, random_state=None, shuffle=False), n_jobs=-1
2022-06-23 02:26:36,276:INFO:Calculating mean and std
2022-06-23 02:26:36,278:INFO:Creating metrics dataframe
2022-06-23 02:26:36,288:INFO:Uploading results into container
2022-06-23 02:26:36,289:INFO:Uploading model into container now
2022-06-23 02:26:36,289:INFO:create_model_container: 1
2022-06-23 02:26:36,289:INFO:master_model_container: 1
2022-06-23 02:26:36,290:INFO:display_container: 2
2022-06-23 02:26:36,290:INFO:LinearRegression(copy_X=True, fit_intercept=True, n_jobs=-1, normalize=False)
2022-06-23 02:26:36,291:INFO:create_model() succesfully completed......................................
2022-06-23 02:26:36,462:INFO:SubProcess create_model() end ==================================
2022-06-23 02:26:36,462:INFO:Creating metrics dataframe
2022-06-23 02:26:36,484:INFO:Initializing Lasso Regression
2022-06-23 02:26:36,484:INFO:Total runtime is 0.2342594027519226 minutes
2022-06-23 02:26:36,496:INFO:SubProcess create_model() called ==================================
2022-06-23 02:26:36,496:INFO:Initializing create_model()
2022-06-23 02:26:36,497:INFO:create_model(estimator=lasso, fold=KFold(n_splits=10, random_state=None, shuffle=False), round=4, cross_validation=True, predict=True, fit_kwargs={}, groups=None, refit=False, verbose=False, system=False, metrics=None, experiment_custom_tags=None, add_to_model_list=True, probability_threshold=None, display=<pycaret.internal.Display.Display object at 0x00000254B7EE4288>, return_train_score=False, kwargs={})
2022-06-23 02:26:36,497:INFO:Checking exceptions
2022-06-23 02:26:36,497:INFO:Importing libraries
2022-06-23 02:26:36,497:INFO:Copying training dataset
2022-06-23 02:26:36,498:INFO:Defining folds
2022-06-23 02:26:36,498:INFO:Declaring metric variables
2022-06-23 02:26:36,511:INFO:Importing untrained model
2022-06-23 02:26:36,523:INFO:Lasso Regression Imported succesfully
2022-06-23 02:26:36,548:INFO:Starting cross validation
2022-06-23 02:26:36,549:INFO:Cross validating with KFold(n_splits=10, random_state=None, shuffle=False), n_jobs=-1
2022-06-23 02:26:36,698:INFO:Calculating mean and std
2022-06-23 02:26:36,698:INFO:Creating metrics dataframe
2022-06-23 02:26:36,706:INFO:Uploading results into container
2022-06-23 02:26:36,706:INFO:Uploading model into container now
2022-06-23 02:26:36,706:INFO:create_model_container: 2
2022-06-23 02:26:36,706:INFO:master_model_container: 2
2022-06-23 02:26:36,706:INFO:display_container: 2
2022-06-23 02:26:36,706:INFO:Lasso(alpha=1.0, copy_X=True, fit_intercept=True, max_iter=1000,
      normalize=False, positive=False, precompute=False, random_state=1871,
      selection='cyclic', tol=0.0001, warm_start=False)
2022-06-23 02:26:36,706:INFO:create_model() succesfully completed......................................
2022-06-23 02:26:36,770:INFO:SubProcess create_model() end ==================================
2022-06-23 02:26:36,770:INFO:Creating metrics dataframe
2022-06-23 02:26:36,788:INFO:Initializing Ridge Regression
2022-06-23 02:26:36,788:INFO:Total runtime is 0.23932239214579265 minutes
2022-06-23 02:26:36,798:INFO:SubProcess create_model() called ==================================
2022-06-23 02:26:36,798:INFO:Initializing create_model()
2022-06-23 02:26:36,798:INFO:create_model(estimator=ridge, fold=KFold(n_splits=10, random_state=None, shuffle=False), round=4, cross_validation=True, predict=True, fit_kwargs={}, groups=None, refit=False, verbose=False, system=False, metrics=None, experiment_custom_tags=None, add_to_model_list=True, probability_threshold=None, display=<pycaret.internal.Display.Display object at 0x00000254B7EE4288>, return_train_score=False, kwargs={})
2022-06-23 02:26:36,799:INFO:Checking exceptions
2022-06-23 02:26:36,800:INFO:Importing libraries
2022-06-23 02:26:36,802:INFO:Copying training dataset
2022-06-23 02:26:36,802:INFO:Defining folds
2022-06-23 02:26:36,803:INFO:Declaring metric variables
2022-06-23 02:26:36,815:INFO:Importing untrained model
2022-06-23 02:26:36,829:INFO:Ridge Regression Imported succesfully
2022-06-23 02:26:36,870:INFO:Starting cross validation
2022-06-23 02:26:36,872:INFO:Cross validating with KFold(n_splits=10, random_state=None, shuffle=False), n_jobs=-1
2022-06-23 02:26:37,064:INFO:Calculating mean and std
2022-06-23 02:26:37,065:INFO:Creating metrics dataframe
2022-06-23 02:26:37,070:INFO:Uploading results into container
2022-06-23 02:26:37,070:INFO:Uploading model into container now
2022-06-23 02:26:37,070:INFO:create_model_container: 3
2022-06-23 02:26:37,070:INFO:master_model_container: 3
2022-06-23 02:26:37,070:INFO:display_container: 2
2022-06-23 02:26:37,070:INFO:Ridge(alpha=1.0, copy_X=True, fit_intercept=True, max_iter=None,
      normalize=False, random_state=1871, solver='auto', tol=0.001)
2022-06-23 02:26:37,070:INFO:create_model() succesfully completed......................................
2022-06-23 02:26:37,147:INFO:SubProcess create_model() end ==================================
2022-06-23 02:26:37,147:INFO:Creating metrics dataframe
2022-06-23 02:26:37,159:INFO:Initializing Elastic Net
2022-06-23 02:26:37,159:INFO:Total runtime is 0.24551045894622803 minutes
2022-06-23 02:26:37,168:INFO:SubProcess create_model() called ==================================
2022-06-23 02:26:37,169:INFO:Initializing create_model()
2022-06-23 02:26:37,169:INFO:create_model(estimator=en, fold=KFold(n_splits=10, random_state=None, shuffle=False), round=4, cross_validation=True, predict=True, fit_kwargs={}, groups=None, refit=False, verbose=False, system=False, metrics=None, experiment_custom_tags=None, add_to_model_list=True, probability_threshold=None, display=<pycaret.internal.Display.Display object at 0x00000254B7EE4288>, return_train_score=False, kwargs={})
2022-06-23 02:26:37,169:INFO:Checking exceptions
2022-06-23 02:26:37,170:INFO:Importing libraries
2022-06-23 02:26:37,170:INFO:Copying training dataset
2022-06-23 02:26:37,170:INFO:Defining folds
2022-06-23 02:26:37,170:INFO:Declaring metric variables
2022-06-23 02:26:37,180:INFO:Importing untrained model
2022-06-23 02:26:37,197:INFO:Elastic Net Imported succesfully
2022-06-23 02:26:37,221:INFO:Starting cross validation
2022-06-23 02:26:37,222:INFO:Cross validating with KFold(n_splits=10, random_state=None, shuffle=False), n_jobs=-1
2022-06-23 02:26:37,368:INFO:Calculating mean and std
2022-06-23 02:26:37,368:INFO:Creating metrics dataframe
2022-06-23 02:26:37,376:INFO:Uploading results into container
2022-06-23 02:26:37,376:INFO:Uploading model into container now
2022-06-23 02:26:37,376:INFO:create_model_container: 4
2022-06-23 02:26:37,376:INFO:master_model_container: 4
2022-06-23 02:26:37,376:INFO:display_container: 2
2022-06-23 02:26:37,377:INFO:ElasticNet(alpha=1.0, copy_X=True, fit_intercept=True, l1_ratio=0.5,
           max_iter=1000, normalize=False, positive=False, precompute=False,
           random_state=1871, selection='cyclic', tol=0.0001, warm_start=False)
2022-06-23 02:26:37,377:INFO:create_model() succesfully completed......................................
2022-06-23 02:26:37,448:INFO:SubProcess create_model() end ==================================
2022-06-23 02:26:37,448:INFO:Creating metrics dataframe
2022-06-23 02:26:37,458:INFO:Initializing Least Angle Regression
2022-06-23 02:26:37,458:INFO:Total runtime is 0.2504993995030721 minutes
2022-06-23 02:26:37,471:INFO:SubProcess create_model() called ==================================
2022-06-23 02:26:37,472:INFO:Initializing create_model()
2022-06-23 02:26:37,472:INFO:create_model(estimator=lar, fold=KFold(n_splits=10, random_state=None, shuffle=False), round=4, cross_validation=True, predict=True, fit_kwargs={}, groups=None, refit=False, verbose=False, system=False, metrics=None, experiment_custom_tags=None, add_to_model_list=True, probability_threshold=None, display=<pycaret.internal.Display.Display object at 0x00000254B7EE4288>, return_train_score=False, kwargs={})
2022-06-23 02:26:37,473:INFO:Checking exceptions
2022-06-23 02:26:37,473:INFO:Importing libraries
2022-06-23 02:26:37,473:INFO:Copying training dataset
2022-06-23 02:26:37,473:INFO:Defining folds
2022-06-23 02:26:37,474:INFO:Declaring metric variables
2022-06-23 02:26:37,486:INFO:Importing untrained model
2022-06-23 02:26:37,503:INFO:Least Angle Regression Imported succesfully
2022-06-23 02:26:37,528:INFO:Starting cross validation
2022-06-23 02:26:37,529:INFO:Cross validating with KFold(n_splits=10, random_state=None, shuffle=False), n_jobs=-1
2022-06-23 02:26:37,738:INFO:Calculating mean and std
2022-06-23 02:26:37,738:INFO:Creating metrics dataframe
2022-06-23 02:26:37,745:INFO:Uploading results into container
2022-06-23 02:26:37,746:INFO:Uploading model into container now
2022-06-23 02:26:37,746:INFO:create_model_container: 5
2022-06-23 02:26:37,746:INFO:master_model_container: 5
2022-06-23 02:26:37,746:INFO:display_container: 2
2022-06-23 02:26:37,746:INFO:Lars(copy_X=True, eps=2.220446049250313e-16, fit_intercept=True, fit_path=True,
     jitter=None, n_nonzero_coefs=500, normalize=True, precompute='auto',
     random_state=1871, verbose=False)
2022-06-23 02:26:37,746:INFO:create_model() succesfully completed......................................
2022-06-23 02:26:37,811:INFO:SubProcess create_model() end ==================================
2022-06-23 02:26:37,811:INFO:Creating metrics dataframe
2022-06-23 02:26:37,828:INFO:Initializing Lasso Least Angle Regression
2022-06-23 02:26:37,828:INFO:Total runtime is 0.2566608389218648 minutes
2022-06-23 02:26:37,839:INFO:SubProcess create_model() called ==================================
2022-06-23 02:26:37,840:INFO:Initializing create_model()
2022-06-23 02:26:37,840:INFO:create_model(estimator=llar, fold=KFold(n_splits=10, random_state=None, shuffle=False), round=4, cross_validation=True, predict=True, fit_kwargs={}, groups=None, refit=False, verbose=False, system=False, metrics=None, experiment_custom_tags=None, add_to_model_list=True, probability_threshold=None, display=<pycaret.internal.Display.Display object at 0x00000254B7EE4288>, return_train_score=False, kwargs={})
2022-06-23 02:26:37,840:INFO:Checking exceptions
2022-06-23 02:26:37,840:INFO:Importing libraries
2022-06-23 02:26:37,840:INFO:Copying training dataset
2022-06-23 02:26:37,841:INFO:Defining folds
2022-06-23 02:26:37,842:INFO:Declaring metric variables
2022-06-23 02:26:37,853:INFO:Importing untrained model
2022-06-23 02:26:37,870:INFO:Lasso Least Angle Regression Imported succesfully
2022-06-23 02:26:37,899:INFO:Starting cross validation
2022-06-23 02:26:37,902:INFO:Cross validating with KFold(n_splits=10, random_state=None, shuffle=False), n_jobs=-1
2022-06-23 02:26:38,089:INFO:Calculating mean and std
2022-06-23 02:26:38,090:INFO:Creating metrics dataframe
2022-06-23 02:26:38,100:INFO:Uploading results into container
2022-06-23 02:26:38,100:INFO:Uploading model into container now
2022-06-23 02:26:38,100:INFO:create_model_container: 6
2022-06-23 02:26:38,101:INFO:master_model_container: 6
2022-06-23 02:26:38,101:INFO:display_container: 2
2022-06-23 02:26:38,102:INFO:LassoLars(alpha=1.0, copy_X=True, eps=2.220446049250313e-16, fit_intercept=True,
          fit_path=True, jitter=None, max_iter=500, normalize=True,
          positive=False, precompute='auto', random_state=1871, verbose=False)
2022-06-23 02:26:38,102:INFO:create_model() succesfully completed......................................
2022-06-23 02:26:38,247:INFO:SubProcess create_model() end ==================================
2022-06-23 02:26:38,248:INFO:Creating metrics dataframe
2022-06-23 02:26:38,262:INFO:Initializing Orthogonal Matching Pursuit
2022-06-23 02:26:38,262:INFO:Total runtime is 0.26389139095942177 minutes
2022-06-23 02:26:38,274:INFO:SubProcess create_model() called ==================================
2022-06-23 02:26:38,275:INFO:Initializing create_model()
2022-06-23 02:26:38,275:INFO:create_model(estimator=omp, fold=KFold(n_splits=10, random_state=None, shuffle=False), round=4, cross_validation=True, predict=True, fit_kwargs={}, groups=None, refit=False, verbose=False, system=False, metrics=None, experiment_custom_tags=None, add_to_model_list=True, probability_threshold=None, display=<pycaret.internal.Display.Display object at 0x00000254B7EE4288>, return_train_score=False, kwargs={})
2022-06-23 02:26:38,275:INFO:Checking exceptions
2022-06-23 02:26:38,276:INFO:Importing libraries
2022-06-23 02:26:38,276:INFO:Copying training dataset
2022-06-23 02:26:38,276:INFO:Defining folds
2022-06-23 02:26:38,276:INFO:Declaring metric variables
2022-06-23 02:26:38,286:INFO:Importing untrained model
2022-06-23 02:26:38,298:INFO:Orthogonal Matching Pursuit Imported succesfully
2022-06-23 02:26:38,323:INFO:Starting cross validation
2022-06-23 02:26:38,324:INFO:Cross validating with KFold(n_splits=10, random_state=None, shuffle=False), n_jobs=-1
2022-06-23 02:26:38,461:INFO:Calculating mean and std
2022-06-23 02:26:38,462:INFO:Creating metrics dataframe
2022-06-23 02:26:38,469:INFO:Uploading results into container
2022-06-23 02:26:38,470:INFO:Uploading model into container now
2022-06-23 02:26:38,470:INFO:create_model_container: 7
2022-06-23 02:26:38,470:INFO:master_model_container: 7
2022-06-23 02:26:38,470:INFO:display_container: 2
2022-06-23 02:26:38,470:INFO:OrthogonalMatchingPursuit(fit_intercept=True, n_nonzero_coefs=None,
                          normalize=True, precompute='auto', tol=None)
2022-06-23 02:26:38,470:INFO:create_model() succesfully completed......................................
2022-06-23 02:26:38,551:INFO:SubProcess create_model() end ==================================
2022-06-23 02:26:38,551:INFO:Creating metrics dataframe
2022-06-23 02:26:38,565:INFO:Initializing Bayesian Ridge
2022-06-23 02:26:38,565:INFO:Total runtime is 0.2689414103825887 minutes
2022-06-23 02:26:38,578:INFO:SubProcess create_model() called ==================================
2022-06-23 02:26:38,579:INFO:Initializing create_model()
2022-06-23 02:26:38,579:INFO:create_model(estimator=br, fold=KFold(n_splits=10, random_state=None, shuffle=False), round=4, cross_validation=True, predict=True, fit_kwargs={}, groups=None, refit=False, verbose=False, system=False, metrics=None, experiment_custom_tags=None, add_to_model_list=True, probability_threshold=None, display=<pycaret.internal.Display.Display object at 0x00000254B7EE4288>, return_train_score=False, kwargs={})
2022-06-23 02:26:38,580:INFO:Checking exceptions
2022-06-23 02:26:38,580:INFO:Importing libraries
2022-06-23 02:26:38,580:INFO:Copying training dataset
2022-06-23 02:26:38,581:INFO:Defining folds
2022-06-23 02:26:38,581:INFO:Declaring metric variables
2022-06-23 02:26:38,597:INFO:Importing untrained model
2022-06-23 02:26:38,614:INFO:Bayesian Ridge Imported succesfully
2022-06-23 02:26:38,642:INFO:Starting cross validation
2022-06-23 02:26:38,644:INFO:Cross validating with KFold(n_splits=10, random_state=None, shuffle=False), n_jobs=-1
2022-06-23 02:26:38,825:INFO:Calculating mean and std
2022-06-23 02:26:38,826:INFO:Creating metrics dataframe
2022-06-23 02:26:38,835:INFO:Uploading results into container
2022-06-23 02:26:38,835:INFO:Uploading model into container now
2022-06-23 02:26:38,835:INFO:create_model_container: 8
2022-06-23 02:26:38,835:INFO:master_model_container: 8
2022-06-23 02:26:38,835:INFO:display_container: 2
2022-06-23 02:26:38,836:INFO:BayesianRidge(alpha_1=1e-06, alpha_2=1e-06, alpha_init=None,
              compute_score=False, copy_X=True, fit_intercept=True,
              lambda_1=1e-06, lambda_2=1e-06, lambda_init=None, n_iter=300,
              normalize=False, tol=0.001, verbose=False)
2022-06-23 02:26:38,836:INFO:create_model() succesfully completed......................................
2022-06-23 02:26:38,917:INFO:SubProcess create_model() end ==================================
2022-06-23 02:26:38,917:INFO:Creating metrics dataframe
2022-06-23 02:26:38,935:INFO:Initializing Passive Aggressive Regressor
2022-06-23 02:26:38,935:INFO:Total runtime is 0.2751162648200988 minutes
2022-06-23 02:26:38,951:INFO:SubProcess create_model() called ==================================
2022-06-23 02:26:38,952:INFO:Initializing create_model()
2022-06-23 02:26:38,952:INFO:create_model(estimator=par, fold=KFold(n_splits=10, random_state=None, shuffle=False), round=4, cross_validation=True, predict=True, fit_kwargs={}, groups=None, refit=False, verbose=False, system=False, metrics=None, experiment_custom_tags=None, add_to_model_list=True, probability_threshold=None, display=<pycaret.internal.Display.Display object at 0x00000254B7EE4288>, return_train_score=False, kwargs={})
2022-06-23 02:26:38,952:INFO:Checking exceptions
2022-06-23 02:26:38,952:INFO:Importing libraries
2022-06-23 02:26:38,952:INFO:Copying training dataset
2022-06-23 02:26:38,953:INFO:Defining folds
2022-06-23 02:26:38,953:INFO:Declaring metric variables
2022-06-23 02:26:38,964:INFO:Importing untrained model
2022-06-23 02:26:38,981:INFO:Passive Aggressive Regressor Imported succesfully
2022-06-23 02:26:39,019:INFO:Starting cross validation
2022-06-23 02:26:39,021:INFO:Cross validating with KFold(n_splits=10, random_state=None, shuffle=False), n_jobs=-1
2022-06-23 02:26:39,242:INFO:Calculating mean and std
2022-06-23 02:26:39,248:INFO:Creating metrics dataframe
2022-06-23 02:26:39,258:INFO:Uploading results into container
2022-06-23 02:26:39,258:INFO:Uploading model into container now
2022-06-23 02:26:39,258:INFO:create_model_container: 9
2022-06-23 02:26:39,258:INFO:master_model_container: 9
2022-06-23 02:26:39,258:INFO:display_container: 2
2022-06-23 02:26:39,260:INFO:PassiveAggressiveRegressor(C=1.0, average=False, early_stopping=False,
                           epsilon=0.1, fit_intercept=True,
                           loss='epsilon_insensitive', max_iter=1000,
                           n_iter_no_change=5, random_state=1871, shuffle=True,
                           tol=0.001, validation_fraction=0.1, verbose=0,
                           warm_start=False)
2022-06-23 02:26:39,260:INFO:create_model() succesfully completed......................................
2022-06-23 02:26:39,358:INFO:SubProcess create_model() end ==================================
2022-06-23 02:26:39,358:INFO:Creating metrics dataframe
2022-06-23 02:26:39,375:INFO:Initializing Huber Regressor
2022-06-23 02:26:39,375:INFO:Total runtime is 0.28243872721989943 minutes
2022-06-23 02:26:39,393:INFO:SubProcess create_model() called ==================================
2022-06-23 02:26:39,394:INFO:Initializing create_model()
2022-06-23 02:26:39,395:INFO:create_model(estimator=huber, fold=KFold(n_splits=10, random_state=None, shuffle=False), round=4, cross_validation=True, predict=True, fit_kwargs={}, groups=None, refit=False, verbose=False, system=False, metrics=None, experiment_custom_tags=None, add_to_model_list=True, probability_threshold=None, display=<pycaret.internal.Display.Display object at 0x00000254B7EE4288>, return_train_score=False, kwargs={})
2022-06-23 02:26:39,395:INFO:Checking exceptions
2022-06-23 02:26:39,395:INFO:Importing libraries
2022-06-23 02:26:39,396:INFO:Copying training dataset
2022-06-23 02:26:39,396:INFO:Defining folds
2022-06-23 02:26:39,396:INFO:Declaring metric variables
2022-06-23 02:26:39,410:INFO:Importing untrained model
2022-06-23 02:26:39,431:INFO:Huber Regressor Imported succesfully
2022-06-23 02:26:39,467:INFO:Starting cross validation
2022-06-23 02:26:39,468:INFO:Cross validating with KFold(n_splits=10, random_state=None, shuffle=False), n_jobs=-1
2022-06-23 02:26:39,819:INFO:Calculating mean and std
2022-06-23 02:26:39,820:INFO:Creating metrics dataframe
2022-06-23 02:26:39,826:INFO:Uploading results into container
2022-06-23 02:26:39,826:INFO:Uploading model into container now
2022-06-23 02:26:39,826:INFO:create_model_container: 10
2022-06-23 02:26:39,826:INFO:master_model_container: 10
2022-06-23 02:26:39,826:INFO:display_container: 2
2022-06-23 02:26:39,826:INFO:HuberRegressor(alpha=0.0001, epsilon=1.35, fit_intercept=True, max_iter=100,
               tol=1e-05, warm_start=False)
2022-06-23 02:26:39,826:INFO:create_model() succesfully completed......................................
2022-06-23 02:26:39,933:INFO:SubProcess create_model() end ==================================
2022-06-23 02:26:39,933:INFO:Creating metrics dataframe
2022-06-23 02:26:39,944:INFO:Initializing K Neighbors Regressor
2022-06-23 02:26:39,944:INFO:Total runtime is 0.29193443457285556 minutes
2022-06-23 02:26:39,956:INFO:SubProcess create_model() called ==================================
2022-06-23 02:26:39,957:INFO:Initializing create_model()
2022-06-23 02:26:39,957:INFO:create_model(estimator=knn, fold=KFold(n_splits=10, random_state=None, shuffle=False), round=4, cross_validation=True, predict=True, fit_kwargs={}, groups=None, refit=False, verbose=False, system=False, metrics=None, experiment_custom_tags=None, add_to_model_list=True, probability_threshold=None, display=<pycaret.internal.Display.Display object at 0x00000254B7EE4288>, return_train_score=False, kwargs={})
2022-06-23 02:26:39,958:INFO:Checking exceptions
2022-06-23 02:26:39,958:INFO:Importing libraries
2022-06-23 02:26:39,958:INFO:Copying training dataset
2022-06-23 02:26:39,959:INFO:Defining folds
2022-06-23 02:26:39,959:INFO:Declaring metric variables
2022-06-23 02:26:39,972:INFO:Importing untrained model
2022-06-23 02:26:39,989:INFO:K Neighbors Regressor Imported succesfully
2022-06-23 02:26:40,020:INFO:Starting cross validation
2022-06-23 02:26:40,022:INFO:Cross validating with KFold(n_splits=10, random_state=None, shuffle=False), n_jobs=-1
2022-06-23 02:26:40,376:INFO:Calculating mean and std
2022-06-23 02:26:40,377:INFO:Creating metrics dataframe
2022-06-23 02:26:40,385:INFO:Uploading results into container
2022-06-23 02:26:40,389:INFO:Uploading model into container now
2022-06-23 02:26:40,389:INFO:create_model_container: 11
2022-06-23 02:26:40,389:INFO:master_model_container: 11
2022-06-23 02:26:40,389:INFO:display_container: 2
2022-06-23 02:26:40,390:INFO:KNeighborsRegressor(algorithm='auto', leaf_size=30, metric='minkowski',
                    metric_params=None, n_jobs=-1, n_neighbors=5, p=2,
                    weights='uniform')
2022-06-23 02:26:40,390:INFO:create_model() succesfully completed......................................
2022-06-23 02:26:40,477:INFO:SubProcess create_model() end ==================================
2022-06-23 02:26:40,477:INFO:Creating metrics dataframe
2022-06-23 02:26:40,493:INFO:Initializing Decision Tree Regressor
2022-06-23 02:26:40,493:INFO:Total runtime is 0.30107824007670075 minutes
2022-06-23 02:26:40,513:INFO:SubProcess create_model() called ==================================
2022-06-23 02:26:40,514:INFO:Initializing create_model()
2022-06-23 02:26:40,514:INFO:create_model(estimator=dt, fold=KFold(n_splits=10, random_state=None, shuffle=False), round=4, cross_validation=True, predict=True, fit_kwargs={}, groups=None, refit=False, verbose=False, system=False, metrics=None, experiment_custom_tags=None, add_to_model_list=True, probability_threshold=None, display=<pycaret.internal.Display.Display object at 0x00000254B7EE4288>, return_train_score=False, kwargs={})
2022-06-23 02:26:40,514:INFO:Checking exceptions
2022-06-23 02:26:40,515:INFO:Importing libraries
2022-06-23 02:26:40,515:INFO:Copying training dataset
2022-06-23 02:26:40,516:INFO:Defining folds
2022-06-23 02:26:40,516:INFO:Declaring metric variables
2022-06-23 02:26:40,532:INFO:Importing untrained model
2022-06-23 02:26:40,550:INFO:Decision Tree Regressor Imported succesfully
2022-06-23 02:26:40,581:INFO:Starting cross validation
2022-06-23 02:26:40,583:INFO:Cross validating with KFold(n_splits=10, random_state=None, shuffle=False), n_jobs=-1
2022-06-23 02:26:40,815:INFO:Calculating mean and std
2022-06-23 02:26:40,817:INFO:Creating metrics dataframe
2022-06-23 02:26:40,823:INFO:Uploading results into container
2022-06-23 02:26:40,826:INFO:Uploading model into container now
2022-06-23 02:26:40,826:INFO:create_model_container: 12
2022-06-23 02:26:40,826:INFO:master_model_container: 12
2022-06-23 02:26:40,826:INFO:display_container: 2
2022-06-23 02:26:40,827:INFO:DecisionTreeRegressor(ccp_alpha=0.0, criterion='mse', max_depth=None,
                      max_features=None, max_leaf_nodes=None,
                      min_impurity_decrease=0.0, min_impurity_split=None,
                      min_samples_leaf=1, min_samples_split=2,
                      min_weight_fraction_leaf=0.0, presort='deprecated',
                      random_state=1871, splitter='best')
2022-06-23 02:26:40,827:INFO:create_model() succesfully completed......................................
2022-06-23 02:26:40,944:INFO:SubProcess create_model() end ==================================
2022-06-23 02:26:40,944:INFO:Creating metrics dataframe
2022-06-23 02:26:40,963:INFO:Initializing Random Forest Regressor
2022-06-23 02:26:40,963:INFO:Total runtime is 0.3089146375656127 minutes
2022-06-23 02:26:40,981:INFO:SubProcess create_model() called ==================================
2022-06-23 02:26:40,982:INFO:Initializing create_model()
2022-06-23 02:26:40,982:INFO:create_model(estimator=rf, fold=KFold(n_splits=10, random_state=None, shuffle=False), round=4, cross_validation=True, predict=True, fit_kwargs={}, groups=None, refit=False, verbose=False, system=False, metrics=None, experiment_custom_tags=None, add_to_model_list=True, probability_threshold=None, display=<pycaret.internal.Display.Display object at 0x00000254B7EE4288>, return_train_score=False, kwargs={})
2022-06-23 02:26:40,982:INFO:Checking exceptions
2022-06-23 02:26:40,982:INFO:Importing libraries
2022-06-23 02:26:40,982:INFO:Copying training dataset
2022-06-23 02:26:40,983:INFO:Defining folds
2022-06-23 02:26:40,983:INFO:Declaring metric variables
2022-06-23 02:26:40,995:INFO:Importing untrained model
2022-06-23 02:26:41,010:INFO:Random Forest Regressor Imported succesfully
2022-06-23 02:26:41,037:INFO:Starting cross validation
2022-06-23 02:26:41,039:INFO:Cross validating with KFold(n_splits=10, random_state=None, shuffle=False), n_jobs=-1
2022-06-23 02:26:43,528:INFO:Calculating mean and std
2022-06-23 02:26:43,529:INFO:Creating metrics dataframe
2022-06-23 02:26:43,535:INFO:Uploading results into container
2022-06-23 02:26:43,535:INFO:Uploading model into container now
2022-06-23 02:26:43,535:INFO:create_model_container: 13
2022-06-23 02:26:43,535:INFO:master_model_container: 13
2022-06-23 02:26:43,535:INFO:display_container: 2
2022-06-23 02:26:43,535:INFO:RandomForestRegressor(bootstrap=True, ccp_alpha=0.0, criterion='mse',
                      max_depth=None, max_features='auto', max_leaf_nodes=None,
                      max_samples=None, min_impurity_decrease=0.0,
                      min_impurity_split=None, min_samples_leaf=1,
                      min_samples_split=2, min_weight_fraction_leaf=0.0,
                      n_estimators=100, n_jobs=-1, oob_score=False,
                      random_state=1871, verbose=0, warm_start=False)
2022-06-23 02:26:43,535:INFO:create_model() succesfully completed......................................
2022-06-23 02:26:43,657:INFO:SubProcess create_model() end ==================================
2022-06-23 02:26:43,658:INFO:Creating metrics dataframe
2022-06-23 02:26:43,676:INFO:Initializing Extra Trees Regressor
2022-06-23 02:26:43,676:INFO:Total runtime is 0.35413159132003774 minutes
2022-06-23 02:26:43,690:INFO:SubProcess create_model() called ==================================
2022-06-23 02:26:43,692:INFO:Initializing create_model()
2022-06-23 02:26:43,692:INFO:create_model(estimator=et, fold=KFold(n_splits=10, random_state=None, shuffle=False), round=4, cross_validation=True, predict=True, fit_kwargs={}, groups=None, refit=False, verbose=False, system=False, metrics=None, experiment_custom_tags=None, add_to_model_list=True, probability_threshold=None, display=<pycaret.internal.Display.Display object at 0x00000254B7EE4288>, return_train_score=False, kwargs={})
2022-06-23 02:26:43,692:INFO:Checking exceptions
2022-06-23 02:26:43,692:INFO:Importing libraries
2022-06-23 02:26:43,692:INFO:Copying training dataset
2022-06-23 02:26:43,693:INFO:Defining folds
2022-06-23 02:26:43,693:INFO:Declaring metric variables
2022-06-23 02:26:43,706:INFO:Importing untrained model
2022-06-23 02:26:43,718:INFO:Extra Trees Regressor Imported succesfully
2022-06-23 02:26:43,740:INFO:Starting cross validation
2022-06-23 02:26:43,742:INFO:Cross validating with KFold(n_splits=10, random_state=None, shuffle=False), n_jobs=-1
2022-06-23 02:26:46,250:INFO:Calculating mean and std
2022-06-23 02:26:46,252:INFO:Creating metrics dataframe
2022-06-23 02:26:46,263:INFO:Uploading results into container
2022-06-23 02:26:46,263:INFO:Uploading model into container now
2022-06-23 02:26:46,263:INFO:create_model_container: 14
2022-06-23 02:26:46,263:INFO:master_model_container: 14
2022-06-23 02:26:46,263:INFO:display_container: 2
2022-06-23 02:26:46,263:INFO:ExtraTreesRegressor(bootstrap=False, ccp_alpha=0.0, criterion='mse',
                    max_depth=None, max_features='auto', max_leaf_nodes=None,
                    max_samples=None, min_impurity_decrease=0.0,
                    min_impurity_split=None, min_samples_leaf=1,
                    min_samples_split=2, min_weight_fraction_leaf=0.0,
                    n_estimators=100, n_jobs=-1, oob_score=False,
                    random_state=1871, verbose=0, warm_start=False)
2022-06-23 02:26:46,263:INFO:create_model() succesfully completed......................................
2022-06-23 02:26:46,445:INFO:SubProcess create_model() end ==================================
2022-06-23 02:26:46,445:INFO:Creating metrics dataframe
2022-06-23 02:26:46,477:INFO:Initializing AdaBoost Regressor
2022-06-23 02:26:46,478:INFO:Total runtime is 0.40082380771636955 minutes
2022-06-23 02:26:46,499:INFO:SubProcess create_model() called ==================================
2022-06-23 02:26:46,500:INFO:Initializing create_model()
2022-06-23 02:26:46,501:INFO:create_model(estimator=ada, fold=KFold(n_splits=10, random_state=None, shuffle=False), round=4, cross_validation=True, predict=True, fit_kwargs={}, groups=None, refit=False, verbose=False, system=False, metrics=None, experiment_custom_tags=None, add_to_model_list=True, probability_threshold=None, display=<pycaret.internal.Display.Display object at 0x00000254B7EE4288>, return_train_score=False, kwargs={})
2022-06-23 02:26:46,501:INFO:Checking exceptions
2022-06-23 02:26:46,501:INFO:Importing libraries
2022-06-23 02:26:46,502:INFO:Copying training dataset
2022-06-23 02:26:46,503:INFO:Defining folds
2022-06-23 02:26:46,503:INFO:Declaring metric variables
2022-06-23 02:26:46,531:INFO:Importing untrained model
2022-06-23 02:26:46,560:INFO:AdaBoost Regressor Imported succesfully
2022-06-23 02:26:46,606:INFO:Starting cross validation
2022-06-23 02:26:46,607:INFO:Cross validating with KFold(n_splits=10, random_state=None, shuffle=False), n_jobs=-1
2022-06-23 02:26:47,172:INFO:Calculating mean and std
2022-06-23 02:26:47,173:INFO:Creating metrics dataframe
2022-06-23 02:26:47,177:INFO:Uploading results into container
2022-06-23 02:26:47,177:INFO:Uploading model into container now
2022-06-23 02:26:47,177:INFO:create_model_container: 15
2022-06-23 02:26:47,177:INFO:master_model_container: 15
2022-06-23 02:26:47,177:INFO:display_container: 2
2022-06-23 02:26:47,177:INFO:AdaBoostRegressor(base_estimator=None, learning_rate=1.0, loss='linear',
                  n_estimators=50, random_state=1871)
2022-06-23 02:26:47,177:INFO:create_model() succesfully completed......................................
2022-06-23 02:26:47,251:INFO:SubProcess create_model() end ==================================
2022-06-23 02:26:47,251:INFO:Creating metrics dataframe
2022-06-23 02:26:47,262:INFO:Initializing Gradient Boosting Regressor
2022-06-23 02:26:47,262:INFO:Total runtime is 0.41389809846878045 minutes
2022-06-23 02:26:47,271:INFO:SubProcess create_model() called ==================================
2022-06-23 02:26:47,271:INFO:Initializing create_model()
2022-06-23 02:26:47,271:INFO:create_model(estimator=gbr, fold=KFold(n_splits=10, random_state=None, shuffle=False), round=4, cross_validation=True, predict=True, fit_kwargs={}, groups=None, refit=False, verbose=False, system=False, metrics=None, experiment_custom_tags=None, add_to_model_list=True, probability_threshold=None, display=<pycaret.internal.Display.Display object at 0x00000254B7EE4288>, return_train_score=False, kwargs={})
2022-06-23 02:26:47,271:INFO:Checking exceptions
2022-06-23 02:26:47,271:INFO:Importing libraries
2022-06-23 02:26:47,272:INFO:Copying training dataset
2022-06-23 02:26:47,272:INFO:Defining folds
2022-06-23 02:26:47,272:INFO:Declaring metric variables
2022-06-23 02:26:47,286:INFO:Importing untrained model
2022-06-23 02:26:47,296:INFO:Gradient Boosting Regressor Imported succesfully
2022-06-23 02:26:47,317:INFO:Starting cross validation
2022-06-23 02:26:47,318:INFO:Cross validating with KFold(n_splits=10, random_state=None, shuffle=False), n_jobs=-1
2022-06-23 02:26:47,878:INFO:Calculating mean and std
2022-06-23 02:26:47,879:INFO:Creating metrics dataframe
2022-06-23 02:26:47,888:INFO:Uploading results into container
2022-06-23 02:26:47,888:INFO:Uploading model into container now
2022-06-23 02:26:47,888:INFO:create_model_container: 16
2022-06-23 02:26:47,888:INFO:master_model_container: 16
2022-06-23 02:26:47,888:INFO:display_container: 2
2022-06-23 02:26:47,888:INFO:GradientBoostingRegressor(alpha=0.9, ccp_alpha=0.0, criterion='friedman_mse',
                          init=None, learning_rate=0.1, loss='ls', max_depth=3,
                          max_features=None, max_leaf_nodes=None,
                          min_impurity_decrease=0.0, min_impurity_split=None,
                          min_samples_leaf=1, min_samples_split=2,
                          min_weight_fraction_leaf=0.0, n_estimators=100,
                          n_iter_no_change=None, presort='deprecated',
                          random_state=1871, subsample=1.0, tol=0.0001,
                          validation_fraction=0.1, verbose=0, warm_start=False)
2022-06-23 02:26:47,888:INFO:create_model() succesfully completed......................................
2022-06-23 02:26:47,987:INFO:SubProcess create_model() end ==================================
2022-06-23 02:26:47,988:INFO:Creating metrics dataframe
2022-06-23 02:26:48,014:INFO:Initializing Light Gradient Boosting Machine
2022-06-23 02:26:48,014:INFO:Total runtime is 0.4264299313227335 minutes
2022-06-23 02:26:48,043:INFO:SubProcess create_model() called ==================================
2022-06-23 02:26:48,044:INFO:Initializing create_model()
2022-06-23 02:26:48,044:INFO:create_model(estimator=lightgbm, fold=KFold(n_splits=10, random_state=None, shuffle=False), round=4, cross_validation=True, predict=True, fit_kwargs={}, groups=None, refit=False, verbose=False, system=False, metrics=None, experiment_custom_tags=None, add_to_model_list=True, probability_threshold=None, display=<pycaret.internal.Display.Display object at 0x00000254B7EE4288>, return_train_score=False, kwargs={})
2022-06-23 02:26:48,045:INFO:Checking exceptions
2022-06-23 02:26:48,045:INFO:Importing libraries
2022-06-23 02:26:48,045:INFO:Copying training dataset
2022-06-23 02:26:48,046:INFO:Defining folds
2022-06-23 02:26:48,047:INFO:Declaring metric variables
2022-06-23 02:26:48,074:INFO:Importing untrained model
2022-06-23 02:26:48,102:INFO:Light Gradient Boosting Machine Imported succesfully
2022-06-23 02:26:48,154:INFO:Starting cross validation
2022-06-23 02:26:48,156:INFO:Cross validating with KFold(n_splits=10, random_state=None, shuffle=False), n_jobs=-1
2022-06-23 02:26:48,506:INFO:Calculating mean and std
2022-06-23 02:26:48,507:INFO:Creating metrics dataframe
2022-06-23 02:26:48,509:INFO:Uploading results into container
2022-06-23 02:26:48,509:INFO:Uploading model into container now
2022-06-23 02:26:48,509:INFO:create_model_container: 17
2022-06-23 02:26:48,509:INFO:master_model_container: 17
2022-06-23 02:26:48,509:INFO:display_container: 2
2022-06-23 02:26:48,509:INFO:LGBMRegressor(boosting_type='gbdt', class_weight=None, colsample_bytree=1.0,
              importance_type='split', learning_rate=0.1, max_depth=-1,
              min_child_samples=20, min_child_weight=0.001, min_split_gain=0.0,
              n_estimators=100, n_jobs=-1, num_leaves=31, objective=None,
              random_state=1871, reg_alpha=0.0, reg_lambda=0.0, silent='warn',
              subsample=1.0, subsample_for_bin=200000, subsample_freq=0)
2022-06-23 02:26:48,509:INFO:create_model() succesfully completed......................................
2022-06-23 02:26:48,585:INFO:SubProcess create_model() end ==================================
2022-06-23 02:26:48,585:INFO:Creating metrics dataframe
2022-06-23 02:26:48,596:INFO:Initializing Dummy Regressor
2022-06-23 02:26:48,596:INFO:Total runtime is 0.4361327409744262 minutes
2022-06-23 02:26:48,605:INFO:SubProcess create_model() called ==================================
2022-06-23 02:26:48,606:INFO:Initializing create_model()
2022-06-23 02:26:48,607:INFO:create_model(estimator=dummy, fold=KFold(n_splits=10, random_state=None, shuffle=False), round=4, cross_validation=True, predict=True, fit_kwargs={}, groups=None, refit=False, verbose=False, system=False, metrics=None, experiment_custom_tags=None, add_to_model_list=True, probability_threshold=None, display=<pycaret.internal.Display.Display object at 0x00000254B7EE4288>, return_train_score=False, kwargs={})
2022-06-23 02:26:48,607:INFO:Checking exceptions
2022-06-23 02:26:48,607:INFO:Importing libraries
2022-06-23 02:26:48,607:INFO:Copying training dataset
2022-06-23 02:26:48,608:INFO:Defining folds
2022-06-23 02:26:48,608:INFO:Declaring metric variables
2022-06-23 02:26:48,621:INFO:Importing untrained model
2022-06-23 02:26:48,635:INFO:Dummy Regressor Imported succesfully
2022-06-23 02:26:48,656:INFO:Starting cross validation
2022-06-23 02:26:48,658:INFO:Cross validating with KFold(n_splits=10, random_state=None, shuffle=False), n_jobs=-1
2022-06-23 02:26:48,815:INFO:Calculating mean and std
2022-06-23 02:26:48,816:INFO:Creating metrics dataframe
2022-06-23 02:26:48,827:INFO:Uploading results into container
2022-06-23 02:26:48,827:INFO:Uploading model into container now
2022-06-23 02:26:48,827:INFO:create_model_container: 18
2022-06-23 02:26:48,827:INFO:master_model_container: 18
2022-06-23 02:26:48,827:INFO:display_container: 2
2022-06-23 02:26:48,827:INFO:DummyRegressor(constant=None, quantile=None, strategy='mean')
2022-06-23 02:26:48,827:INFO:create_model() succesfully completed......................................
2022-06-23 02:26:48,922:INFO:SubProcess create_model() end ==================================
2022-06-23 02:26:48,922:INFO:Creating metrics dataframe
2022-06-23 02:26:48,961:INFO:Initializing create_model()
2022-06-23 02:26:48,961:INFO:create_model(estimator=ExtraTreesRegressor(bootstrap=False, ccp_alpha=0.0, criterion='mse',
                    max_depth=None, max_features='auto', max_leaf_nodes=None,
                    max_samples=None, min_impurity_decrease=0.0,
                    min_impurity_split=None, min_samples_leaf=1,
                    min_samples_split=2, min_weight_fraction_leaf=0.0,
                    n_estimators=100, n_jobs=-1, oob_score=False,
                    random_state=1871, verbose=0, warm_start=False), fold=KFold(n_splits=10, random_state=None, shuffle=False), round=4, cross_validation=False, predict=False, fit_kwargs={}, groups=None, refit=True, verbose=False, system=False, metrics=None, experiment_custom_tags=None, add_to_model_list=True, probability_threshold=None, display=None, return_train_score=False, kwargs={})
2022-06-23 02:26:48,962:INFO:Checking exceptions
2022-06-23 02:26:48,962:INFO:Importing libraries
2022-06-23 02:26:48,962:INFO:Copying training dataset
2022-06-23 02:26:48,966:INFO:Defining folds
2022-06-23 02:26:48,966:INFO:Declaring metric variables
2022-06-23 02:26:48,966:INFO:Importing untrained model
2022-06-23 02:26:48,966:INFO:Declaring custom model
2022-06-23 02:26:48,967:INFO:Extra Trees Regressor Imported succesfully
2022-06-23 02:26:48,967:INFO:Cross validation set to False
2022-06-23 02:26:48,968:INFO:Fitting Model
2022-06-23 02:26:49,768:INFO:ExtraTreesRegressor(bootstrap=False, ccp_alpha=0.0, criterion='mse',
                    max_depth=None, max_features='auto', max_leaf_nodes=None,
                    max_samples=None, min_impurity_decrease=0.0,
                    min_impurity_split=None, min_samples_leaf=1,
                    min_samples_split=2, min_weight_fraction_leaf=0.0,
                    n_estimators=100, n_jobs=-1, oob_score=False,
                    random_state=1871, verbose=0, warm_start=False)
2022-06-23 02:26:49,769:INFO:create_models() succesfully completed......................................
2022-06-23 02:26:49,907:INFO:create_model_container: 18
2022-06-23 02:26:49,908:INFO:master_model_container: 18
2022-06-23 02:26:49,908:INFO:display_container: 2
2022-06-23 02:26:49,909:INFO:ExtraTreesRegressor(bootstrap=False, ccp_alpha=0.0, criterion='mse',
                    max_depth=None, max_features='auto', max_leaf_nodes=None,
                    max_samples=None, min_impurity_decrease=0.0,
                    min_impurity_split=None, min_samples_leaf=1,
                    min_samples_split=2, min_weight_fraction_leaf=0.0,
                    n_estimators=100, n_jobs=-1, oob_score=False,
                    random_state=1871, verbose=0, warm_start=False)
2022-06-23 02:26:49,910:INFO:compare_models() succesfully completed......................................
2022-06-23 02:26:49,914:INFO:gpu_param set to False
2022-06-23 02:26:50,158:WARNING:Couldn't import xgboost.XGBRegressor
2022-06-23 02:26:50,159:WARNING:Couldn't import catboost.CatBoostRegressor
2022-06-27 19:51:17,774:INFO:PyCaret Regression Module
2022-06-27 19:51:17,795:INFO:version 2.0
2022-06-27 19:51:17,796:INFO:Initializing setup()
2022-06-27 19:51:17,796:INFO:USI: 84c2
2022-06-27 19:51:17,796:INFO:setup(data=(506, 19), target=price, train_size=0.7, sampling=True, sample_estimator=None, categorical_features=None, categorical_imputation=constant, ordinal_features=None,
                    high_cardinality_features=None, high_cardinality_method=frequency, numeric_features=None, numeric_imputation=mean, date_features=None, ignore_features=None, normalize=False,
                    normalize_method=zscore, transformation=False, transformation_method=yeo-johnson, handle_unknown_categorical=True, unknown_categorical_method=least_frequent, pca=False, pca_method=linear,
                    pca_components=0.99, ignore_low_variance=False, combine_rare_levels=False, rare_level_threshold=0.1, bin_numeric_features=None, remove_outliers=True, outliers_threshold=0.05,
                    remove_multicollinearity=True, multicollinearity_threshold=0.9, remove_perfect_collinearity=False, create_clusters=False, cluster_iter=20,
                    polynomial_features=False, polynomial_degree=2, trigonometry_features=False, polynomial_threshold=0.1, group_features=None,
                    group_names=None, feature_selection=True, feature_selection_threshold=0.8, feature_interaction=False, feature_ratio=False, interaction_threshold=0.01, transform_target=False,
                    transform_target_method=box-cox, data_split_shuffle=True, folds_shuffle=False, n_jobs=-1, html=True, session_id=None, log_experiment=False,
                    experiment_name=None, log_plots=False, log_profile=False, log_data=False, silent=False, verbose=True, profile=False)
2022-06-27 19:51:17,796:INFO:Checking environment
2022-06-27 19:51:17,797:INFO:python_version: 3.8.8
2022-06-27 19:51:17,797:INFO:python_build: ('default', 'Apr 13 2021 15:08:03')
2022-06-27 19:51:17,797:INFO:machine: AMD64
2022-06-27 19:51:17,797:INFO:platform: Windows-10-10.0.19041-SP0
2022-06-27 19:51:17,798:INFO:Memory: svmem(total=8453009408, available=1208188928, percent=85.7, used=7244820480, free=1208188928)
2022-06-27 19:51:17,798:INFO:Physical Core: 2
2022-06-27 19:51:17,798:INFO:Logical Core: 4
2022-06-27 19:51:17,798:INFO:Checking libraries
2022-06-27 19:51:17,798:INFO:pd==1.4.3
2022-06-27 19:51:17,798:INFO:numpy==1.22.4
2022-06-27 19:51:19,988:INFO:sklearn==1.1.1
2022-06-27 19:51:21,557:INFO:xgboost==1.6.1
2022-06-27 19:51:22,114:INFO:lightgbm==3.3.2
2022-06-27 19:51:22,239:INFO:catboost==1.0.6
2022-06-27 19:51:25,977:INFO:mlflow==1.26.1
2022-06-27 19:51:25,979:INFO:Checking Exceptions
2022-06-27 19:51:25,980:INFO:Preloading libraries
2022-06-27 19:51:25,980:INFO:Preparing display monitor
2022-06-27 19:51:26,036:INFO:Importing libraries
2022-06-27 19:51:29,908:INFO:Copying data for preprocessing
2022-06-27 19:51:29,909:INFO:Declaring global variables
2022-06-27 19:51:29,914:INFO:Declaring preprocessing parameters
2022-06-27 19:51:29,914:INFO:Importing preprocessing module
2022-06-27 19:51:45,031:INFO:Creating preprocessing pipeline
2022-06-27 19:52:53,258:INFO:Preprocessing pipeline created successfully
2022-06-27 19:52:53,258:INFO:No inverse transformer found
2022-06-27 19:52:53,259:INFO:Creating grid variables
2022-06-27 19:52:53,261:INFO:Creating global containers
2022-06-27 19:52:53,806:INFO:create_model_container: 0
2022-06-27 19:52:53,806:INFO:master_model_container: 0
2022-06-27 19:52:53,806:INFO:display_container: 0
2022-06-27 19:52:53,806:INFO:setup() succesfully completed......................................
2022-06-27 19:52:53,936:INFO:Initializing compare_models()
2022-06-27 19:52:53,937:INFO:compare_models(blacklist=None, whitelist=None, fold=10, round=4, sort=R2, n_select=1, turbo=True, verbose=True)
2022-06-27 19:52:53,937:INFO:Checking exceptions
2022-06-27 19:52:53,937:INFO:Preloading libraries
2022-06-27 19:52:53,937:INFO:Preparing display monitor
2022-06-29 00:38:18,235:INFO:PyCaret Regression Module
2022-06-29 00:38:18,247:INFO:version 2.0
2022-06-29 00:38:18,248:INFO:Initializing setup()
2022-06-29 00:38:18,248:INFO:USI: 1c42
2022-06-29 00:38:18,249:INFO:setup(data=(506, 19), target=price, train_size=0.7, sampling=True, sample_estimator=None, categorical_features=None, categorical_imputation=constant, ordinal_features=None,
                    high_cardinality_features=None, high_cardinality_method=frequency, numeric_features=None, numeric_imputation=mean, date_features=None, ignore_features=None, normalize=False,
                    normalize_method=zscore, transformation=False, transformation_method=yeo-johnson, handle_unknown_categorical=True, unknown_categorical_method=least_frequent, pca=False, pca_method=linear,
                    pca_components=0.99, ignore_low_variance=False, combine_rare_levels=False, rare_level_threshold=0.1, bin_numeric_features=None, remove_outliers=True, outliers_threshold=0.05,
                    remove_multicollinearity=True, multicollinearity_threshold=0.9, remove_perfect_collinearity=False, create_clusters=False, cluster_iter=20,
                    polynomial_features=False, polynomial_degree=2, trigonometry_features=False, polynomial_threshold=0.1, group_features=None,
                    group_names=None, feature_selection=True, feature_selection_threshold=0.8, feature_interaction=False, feature_ratio=False, interaction_threshold=0.01, transform_target=False,
                    transform_target_method=box-cox, data_split_shuffle=True, folds_shuffle=False, n_jobs=-1, html=True, session_id=None, log_experiment=False,
                    experiment_name=None, log_plots=False, log_profile=False, log_data=False, silent=False, verbose=True, profile=False)
2022-06-29 00:38:18,250:INFO:Checking environment
2022-06-29 00:38:18,250:INFO:python_version: 3.8.8
2022-06-29 00:38:18,250:INFO:python_build: ('default', 'Apr 13 2021 15:08:03')
2022-06-29 00:38:18,251:INFO:machine: AMD64
2022-06-29 00:38:18,252:INFO:platform: Windows-10-10.0.19041-SP0
2022-06-29 00:38:18,278:INFO:Memory: svmem(total=8453009408, available=932179968, percent=89.0, used=7520829440, free=932179968)
2022-06-29 00:38:18,280:INFO:Physical Core: 2
2022-06-29 00:38:18,280:INFO:Logical Core: 4
2022-06-29 00:38:18,281:INFO:Checking libraries
2022-06-29 00:38:18,282:INFO:pd==1.4.3
2022-06-29 00:38:18,282:INFO:numpy==1.22.4
2022-06-29 00:38:19,916:INFO:sklearn==1.1.1
2022-06-29 00:38:25,034:INFO:xgboost==1.6.1
2022-06-29 00:38:26,314:INFO:lightgbm==3.3.2
2022-06-29 00:38:27,964:INFO:catboost==1.0.6
2022-06-29 00:38:35,832:INFO:mlflow==1.26.1
2022-06-29 00:38:35,833:INFO:Checking Exceptions
2022-06-29 00:38:35,833:INFO:Preloading libraries
2022-06-29 00:38:35,833:INFO:Preparing display monitor
2022-06-29 00:38:35,994:INFO:Importing libraries
2022-06-29 00:38:42,411:INFO:Copying data for preprocessing
2022-06-29 00:38:42,412:INFO:Declaring global variables
2022-06-29 00:38:42,428:INFO:Declaring preprocessing parameters
2022-06-29 00:38:42,429:INFO:Importing preprocessing module
2022-06-29 00:39:02,574:INFO:Creating preprocessing pipeline
2022-06-29 00:39:06,773:INFO:Preprocessing pipeline created successfully
2022-06-29 00:39:06,774:INFO:No inverse transformer found
2022-06-29 00:39:06,774:INFO:Creating grid variables
2022-06-29 00:39:06,776:INFO:Creating global containers
2022-06-29 00:39:08,833:INFO:create_model_container: 0
2022-06-29 00:39:08,834:INFO:master_model_container: 0
2022-06-29 00:39:08,834:INFO:display_container: 0
2022-06-29 00:39:08,834:INFO:setup() succesfully completed......................................
2022-06-29 00:39:08,993:INFO:Initializing compare_models()
2022-06-29 00:39:08,993:INFO:compare_models(blacklist=None, whitelist=None, fold=10, round=4, sort=R2, n_select=1, turbo=True, verbose=True)
2022-06-29 00:39:08,993:INFO:Checking exceptions
2022-06-29 00:39:08,994:INFO:Preloading libraries
2022-06-29 00:39:08,994:INFO:Preparing display monitor
2022-06-29 00:39:30,633:INFO:PyCaret Regression Module
2022-06-29 00:39:30,634:INFO:version 2.0
2022-06-29 00:39:30,634:INFO:Initializing setup()
2022-06-29 00:39:30,634:INFO:USI: 9637
2022-06-29 00:39:30,634:INFO:setup(data=(506, 19), target=price, train_size=0.7, sampling=True, sample_estimator=None, categorical_features=None, categorical_imputation=constant, ordinal_features=None,
                    high_cardinality_features=None, high_cardinality_method=frequency, numeric_features=None, numeric_imputation=mean, date_features=None, ignore_features=None, normalize=False,
                    normalize_method=zscore, transformation=False, transformation_method=yeo-johnson, handle_unknown_categorical=True, unknown_categorical_method=least_frequent, pca=False, pca_method=linear,
                    pca_components=0.99, ignore_low_variance=False, combine_rare_levels=False, rare_level_threshold=0.1, bin_numeric_features=None, remove_outliers=True, outliers_threshold=0.05,
                    remove_multicollinearity=True, multicollinearity_threshold=0.9, remove_perfect_collinearity=False, create_clusters=False, cluster_iter=20,
                    polynomial_features=False, polynomial_degree=2, trigonometry_features=False, polynomial_threshold=0.1, group_features=None,
                    group_names=None, feature_selection=True, feature_selection_threshold=0.8, feature_interaction=False, feature_ratio=False, interaction_threshold=0.01, transform_target=False,
                    transform_target_method=box-cox, data_split_shuffle=True, folds_shuffle=False, n_jobs=-1, html=True, session_id=None, log_experiment=False,
                    experiment_name=None, log_plots=False, log_profile=False, log_data=False, silent=False, verbose=True, profile=False)
2022-06-29 00:39:30,634:INFO:Checking environment
2022-06-29 00:39:30,635:INFO:python_version: 3.8.8
2022-06-29 00:39:30,635:INFO:python_build: ('default', 'Apr 13 2021 15:08:03')
2022-06-29 00:39:30,635:INFO:machine: AMD64
2022-06-29 00:39:30,635:INFO:platform: Windows-10-10.0.19041-SP0
2022-06-29 00:39:30,636:INFO:Memory: svmem(total=8453009408, available=1036730368, percent=87.7, used=7416279040, free=1036730368)
2022-06-29 00:39:30,636:INFO:Physical Core: 2
2022-06-29 00:39:30,636:INFO:Logical Core: 4
2022-06-29 00:39:30,636:INFO:Checking libraries
2022-06-29 00:39:30,636:INFO:pd==1.4.3
2022-06-29 00:39:30,636:INFO:numpy==1.22.4
2022-06-29 00:39:30,948:INFO:sklearn==1.1.1
2022-06-29 00:39:31,828:INFO:xgboost==1.6.1
2022-06-29 00:39:31,889:INFO:lightgbm==3.3.2
2022-06-29 00:39:31,925:INFO:catboost==1.0.6
2022-06-29 00:39:32,839:INFO:mlflow==1.26.1
2022-06-29 00:39:32,840:INFO:Checking Exceptions
2022-06-29 00:39:32,840:INFO:Preloading libraries
2022-06-29 00:39:32,840:INFO:Preparing display monitor
2022-06-29 00:39:32,854:INFO:Importing libraries
2022-06-29 00:39:34,027:INFO:Copying data for preprocessing
2022-06-29 00:39:34,027:INFO:Declaring global variables
2022-06-29 00:39:34,034:INFO:Declaring preprocessing parameters
2022-06-29 00:39:34,035:INFO:Importing preprocessing module
2022-06-29 00:39:35,505:INFO:Creating preprocessing pipeline
2022-06-29 00:39:55,733:INFO:Preprocessing pipeline created successfully
2022-06-29 00:39:55,733:INFO:No inverse transformer found
2022-06-29 00:39:55,734:INFO:Creating grid variables
2022-06-29 00:39:55,737:INFO:Creating global containers
2022-06-29 00:39:56,704:INFO:create_model_container: 0
2022-06-29 00:39:56,705:INFO:master_model_container: 0
2022-06-29 00:39:56,705:INFO:display_container: 0
2022-06-29 00:39:56,705:INFO:setup() succesfully completed......................................
2022-06-29 00:40:41,750:INFO:PyCaret Regression Module
2022-06-29 00:40:41,750:INFO:version 2.0
2022-06-29 00:40:41,751:INFO:Initializing setup()
2022-06-29 00:40:41,751:INFO:USI: cb7f
2022-06-29 00:40:41,751:INFO:setup(data=(506, 19), target=price, train_size=0.7, sampling=True, sample_estimator=None, categorical_features=None, categorical_imputation=constant, ordinal_features=None,
                    high_cardinality_features=None, high_cardinality_method=frequency, numeric_features=None, numeric_imputation=mean, date_features=None, ignore_features=None, normalize=False,
                    normalize_method=zscore, transformation=False, transformation_method=yeo-johnson, handle_unknown_categorical=True, unknown_categorical_method=least_frequent, pca=False, pca_method=linear,
                    pca_components=0.99, ignore_low_variance=False, combine_rare_levels=False, rare_level_threshold=0.1, bin_numeric_features=None, remove_outliers=True, outliers_threshold=0.05,
                    remove_multicollinearity=True, multicollinearity_threshold=0.9, remove_perfect_collinearity=False, create_clusters=False, cluster_iter=20,
                    polynomial_features=False, polynomial_degree=2, trigonometry_features=False, polynomial_threshold=0.1, group_features=None,
                    group_names=None, feature_selection=True, feature_selection_threshold=0.8, feature_interaction=False, feature_ratio=False, interaction_threshold=0.01, transform_target=False,
                    transform_target_method=box-cox, data_split_shuffle=True, folds_shuffle=False, n_jobs=-1, html=True, session_id=None, log_experiment=False,
                    experiment_name=None, log_plots=False, log_profile=False, log_data=False, silent=False, verbose=True, profile=False)
2022-06-29 00:40:41,751:INFO:Checking environment
2022-06-29 00:40:41,751:INFO:python_version: 3.8.8
2022-06-29 00:40:41,751:INFO:python_build: ('default', 'Apr 13 2021 15:08:03')
2022-06-29 00:40:41,751:INFO:machine: AMD64
2022-06-29 00:40:41,752:INFO:platform: Windows-10-10.0.19041-SP0
2022-06-29 00:40:41,752:INFO:Memory: svmem(total=8453009408, available=949231616, percent=88.8, used=7503777792, free=949231616)
2022-06-29 00:40:41,752:INFO:Physical Core: 2
2022-06-29 00:40:41,752:INFO:Logical Core: 4
2022-06-29 00:40:41,752:INFO:Checking libraries
2022-06-29 00:40:41,752:INFO:pd==1.4.3
2022-06-29 00:40:41,752:INFO:numpy==1.22.4
2022-06-29 00:40:41,859:INFO:sklearn==1.1.1
2022-06-29 00:40:42,629:INFO:xgboost==1.6.1
2022-06-29 00:40:43,811:INFO:lightgbm==3.3.2
2022-06-29 00:40:43,856:INFO:catboost==1.0.6
2022-06-29 00:40:45,078:INFO:mlflow==1.26.1
2022-06-29 00:40:45,079:INFO:Checking Exceptions
2022-06-29 00:40:45,079:INFO:Preloading libraries
2022-06-29 00:40:45,081:INFO:Preparing display monitor
2022-06-29 00:40:45,098:INFO:Importing libraries
2022-06-29 00:40:45,950:INFO:Copying data for preprocessing
2022-06-29 00:40:45,951:INFO:Declaring global variables
2022-06-29 00:40:45,955:INFO:Declaring preprocessing parameters
2022-06-29 00:40:45,955:INFO:Importing preprocessing module
2022-06-29 00:40:47,000:INFO:Creating preprocessing pipeline
2022-06-29 00:41:01,454:INFO:Preprocessing pipeline created successfully
2022-06-29 00:41:01,454:INFO:No inverse transformer found
2022-06-29 00:41:01,454:INFO:Creating grid variables
2022-06-29 00:41:01,460:INFO:Creating global containers
2022-06-29 00:41:01,623:INFO:create_model_container: 0
2022-06-29 00:41:01,623:INFO:master_model_container: 0
2022-06-29 00:41:01,623:INFO:display_container: 0
2022-06-29 00:41:01,624:INFO:setup() succesfully completed......................................
